Time resolution is 1 ps
UVM_INFO C:/Xilinx/Vivado/2024.1/data/system_verilog/uvm_1.2/xlnx_uvm_package.sv(18601) @ 0: reporter [UVM/RELNOTES] 
----------------------------------------------------------------
UVM-1.2
(C) 2007-2014 Mentor Graphics Corporation
(C) 2007-2014 Cadence Design Systems, Inc.
(C) 2006-2014 Synopsys, Inc.
(C) 2011-2013 Cypress Semiconductor Corp.
(C) 2013-2014 NVIDIA Corporation
----------------------------------------------------------------

  ***********       IMPORTANT RELEASE NOTES         ************

  You are using a version of the UVM library that has been compiled
  with `UVM_NO_DEPRECATED undefined.

  You are using a version of the UVM library that has been compiled
  with `UVM_OBJECT_DO_NOT_NEED_CONSTRUCTOR undefined.

      (Specify +UVM_NO_RELNOTES to turn off this notice)

UVM_INFO C:/Users/monic/project_1/project_1.srcs/sim_1/new/tb.sv(28) @ 0: reporter [TB_TOP] Hello World
UVM_INFO C:/Users/monic/project_1/project_1.srcs/sim_1/new/tb.sv(29) @ 0: reporter [TB_TOP] Value of data : 73
Default verbosity level:200
UVM_INFO C:/Users/monic/project_1/project_1.srcs/sim_1/new/tb.sv(36) @ 0: reporter [TB_TOP] String
UVM_INFO C:/Users/monic/project_1/project_1.srcs/sim_1/new/tb.sv(39) @ 0: reporter [TB_TOP] String3
Default verbosity level:300
